0 info it worked if it ends with ok
1 verbose cli [ '/usr/bin/nodejs',
1 verbose cli   '/usr/bin/npm',
1 verbose cli   'install',
1 verbose cli   '-g',
1 verbose cli   'typescript' ]
2 info using npm@1.3.10
3 info using node@v0.10.25
4 verbose cache add [ 'typescript', null ]
5 verbose cache add name=undefined spec="typescript" args=["typescript",null]
6 verbose parsed url { protocol: null,
6 verbose parsed url   slashes: null,
6 verbose parsed url   auth: null,
6 verbose parsed url   host: null,
6 verbose parsed url   port: null,
6 verbose parsed url   hostname: null,
6 verbose parsed url   hash: null,
6 verbose parsed url   search: null,
6 verbose parsed url   query: null,
6 verbose parsed url   pathname: 'typescript',
6 verbose parsed url   path: 'typescript',
6 verbose parsed url   href: 'typescript' }
7 silly lockFile fb9da861-typescript typescript
8 verbose lock typescript /home/ubuntu/.npm/fb9da861-typescript.lock
9 silly lockFile fb9da861-typescript typescript
10 silly lockFile fb9da861-typescript typescript
11 verbose addNamed [ 'typescript', '' ]
12 verbose addNamed [ null, '*' ]
13 silly lockFile b598c0ef-typescript typescript@
14 verbose lock typescript@ /home/ubuntu/.npm/b598c0ef-typescript.lock
15 silly addNameRange { name: 'typescript', range: '*', hasData: false }
16 verbose url raw typescript
17 verbose url resolving [ 'https://registry.npmjs.org/', './typescript' ]
18 verbose url resolved https://registry.npmjs.org/typescript
19 info trying registry request attempt 1 at 16:03:29
20 http GET https://registry.npmjs.org/typescript
21 http 200 https://registry.npmjs.org/typescript
22 silly registry.get cb [ 200,
22 silly registry.get   { date: 'Fri, 09 Nov 2018 10:43:15 GMT',
22 silly registry.get     'content-type': 'application/json',
22 silly registry.get     'content-length': '4078257',
22 silly registry.get     connection: 'keep-alive',
22 silly registry.get     'set-cookie': [ '__cfduid=d418dfd4ce30a386cad4dbf03547f8a761541760195; expires=Sat, 09-Nov-19 10:43:15 GMT; path=/; domain=.registry.npmjs.org; HttpOnly' ],
22 silly registry.get     'cf-cache-status': 'HIT',
22 silly registry.get     'cache-control': 'max-age=300',
22 silly registry.get     'accept-ranges': 'bytes',
22 silly registry.get     'cf-ray': '476fad683ec22dc1-BOM',
22 silly registry.get     etag: '"51c8440fd9dc157af535f63024803fc7"',
22 silly registry.get     'expect-ct': 'max-age=604800, report-uri="https://report-uri.cloudflare.com/cdn-cgi/beacon/expect-ct"',
22 silly registry.get     'last-modified': 'Wed, 07 Nov 2018 07:16:55 GMT',
22 silly registry.get     vary: 'accept-encoding, accept',
22 silly registry.get     'x-amz-meta-rev': '1486-02abbe012709feb30cd550b5ba5e22de',
22 silly registry.get     server: 'cloudflare' } ]
23 silly addNameRange number 2 { name: 'typescript', range: '*', hasData: true }
24 silly addNameRange versions [ 'typescript',
24 silly addNameRange   [ '0.8.0',
24 silly addNameRange     '0.8.1',
24 silly addNameRange     '0.8.1-1',
24 silly addNameRange     '0.8.2',
24 silly addNameRange     '0.8.3',
24 silly addNameRange     '0.9.0',
24 silly addNameRange     '0.9.0-1',
24 silly addNameRange     '0.9.1',
24 silly addNameRange     '0.9.1-1',
24 silly addNameRange     '0.9.5',
24 silly addNameRange     '0.9.7',
24 silly addNameRange     '1.0.0',
24 silly addNameRange     '1.0.1',
24 silly addNameRange     '1.1.0-1',
24 silly addNameRange     '1.3.0',
24 silly addNameRange     '1.4.1',
24 silly addNameRange     '1.5.0-alpha',
24 silly addNameRange     '1.5.0-beta',
24 silly addNameRange     '1.5.3',
24 silly addNameRange     '1.6.0-dev.20150722.1',
24 silly addNameRange     '1.6.0-dev.20150723',
24 silly addNameRange     '1.6.0-dev.20150724',
24 silly addNameRange     '1.6.0-dev.20150725',
24 silly addNameRange     '1.6.0-dev.20150726',
24 silly addNameRange     '1.6.0-dev.20150727',
24 silly addNameRange     '1.6.0-dev.20150728',
24 silly addNameRange     '1.6.0-dev.20150729',
24 silly addNameRange     '1.6.0-dev.20150730',
24 silly addNameRange     '1.6.0-dev.20150731',
24 silly addNameRange     '1.6.0-dev.20150801',
24 silly addNameRange     '1.6.0-dev.20150802',
24 silly addNameRange     '1.6.0-dev.20150803',
24 silly addNameRange     '1.6.0-dev.20150804',
24 silly addNameRange     '1.6.0-dev.20150805',
24 silly addNameRange     '1.6.0-dev.20150806',
24 silly addNameRange     '1.6.0-dev.20150807',
24 silly addNameRange     '1.6.0-dev.20150808',
24 silly addNameRange     '1.6.0-dev.20150809',
24 silly addNameRange     '1.6.0-dev.20150810',
24 silly addNameRange     '1.6.0-dev.20150811',
24 silly addNameRange     '1.6.0-dev.20150812',
24 silly addNameRange     '1.6.0-dev.20150813',
24 silly addNameRange     '1.6.0-dev.20150814',
24 silly addNameRange     '1.6.0-dev.20150815',
24 silly addNameRange     '1.6.0-dev.20150816',
24 silly addNameRange     '1.6.0-dev.20150817',
24 silly addNameRange     '1.6.0-dev.20150818',
24 silly addNameRange     '1.6.0-dev.20150819',
24 silly addNameRange     '1.6.0-dev.20150820',
24 silly addNameRange     '1.6.0-dev.20150821',
24 silly addNameRange     '1.6.0-dev.20150822',
24 silly addNameRange     '1.6.0-dev.20150823',
24 silly addNameRange     '1.6.0-dev.20150824',
24 silly addNameRange     '1.6.0-dev.20150825',
24 silly addNameRange     '1.7.0-dev.20150826',
24 silly addNameRange     '1.7.0-dev.20150827',
24 silly addNameRange     '1.7.0-dev.20150828',
24 silly addNameRange     '1.7.0-dev.20150829',
24 silly addNameRange     '1.7.0-dev.20150830',
24 silly addNameRange     '1.7.0-dev.20150831',
24 silly addNameRange     '1.7.0-dev.20150901',
24 silly addNameRange     '1.7.0-dev.20150902',
24 silly addNameRange     '1.6.0-beta',
24 silly addNameRange     '1.7.0-dev.20150903',
24 silly addNameRange     '1.7.0-dev.20150904',
24 silly addNameRange     '1.6.0-dev.20150905',
24 silly addNameRange     '1.6.0-dev.20150906',
24 silly addNameRange     '1.6.0-dev.20150907',
24 silly addNameRange     '1.6.0-dev.20150908',
24 silly addNameRange     '1.6.0-dev.20150909',
24 silly addNameRange     '1.6.0-dev.20150910',
24 silly addNameRange     '1.6.0-dev.20150911',
24 silly addNameRange     '1.6.0-dev.20150912',
24 silly addNameRange     '1.6.0-dev.20150913',
24 silly addNameRange     '1.6.0-dev.20150914',
24 silly addNameRange     '1.6.0-dev.20150915',
24 silly addNameRange     '1.7.0-dev.20150916',
24 silly addNameRange     '1.6.2',
24 silly addNameRange     '1.7.0-dev.20150917',
24 silly addNameRange     '1.7.0-dev.20150918',
24 silly addNameRange     '1.7.0-dev.20150919',
24 silly addNameRange     '1.7.0-dev.20150920',
24 silly addNameRange     '1.7.0-dev.20150921',
24 silly addNameRange     '1.7.0-dev.20150922',
24 silly addNameRange     '1.7.0-dev.20150923',
24 silly addNameRange     '1.7.0-dev.20150924',
24 silly addNameRange     '1.7.0-dev.20150925',
24 silly addNameRange     '1.7.0-dev.20150926',
24 silly addNameRange     '1.7.0-dev.20150927',
24 silly addNameRange     '1.7.0-dev.20150928',
24 silly addNameRange     '1.7.0-dev.20150929',
24 silly addNameRange     '1.7.0-dev.20150930',
24 silly addNameRange     '1.7.0-dev.20151001',
24 silly addNameRange     '1.7.0-dev.20151002',
24 silly addNameRange     '1.7.0-dev.20151003',
24 silly addNameRange     '1.7.0-dev.20151004',
24 silly addNameRange     '1.7.0-dev.20151005',
24 silly addNameRange     '1.7.0-dev.20151006',
24 silly addNameRange     '1.7.0-dev.20151014',
24 silly addNameRange     '1.7.0-dev.20151015',
24 silly addNameRange     '1.7.0-dev.20151016',
24 silly addNameRange     '1.8.0-dev.20151017',
24 silly addNameRange     '1.8.0-dev.20151018',
24 silly addNameRange     '1.8.0-dev.20151019',
24 silly addNameRange     '1.8.0-dev.20151020',
24 silly addNameRange     '1.8.0-dev.20151021',
24 silly addNameRange     '1.8.0-dev.20151022',
24 silly addNameRange     '1.8.0-dev.20151023',
24 silly addNameRange     '1.8.0-dev.20151024',
24 silly addNameRange     '1.8.0-dev.20151025',
24 silly addNameRange     '1.8.0-dev.20151026',
24 silly addNameRange     '1.8.0-dev.20151027',
24 silly addNameRange     '1.8.0-dev.20151028',
24 silly addNameRange     '1.8.0-dev.20151029',
24 silly addNameRange     '1.8.0-dev.20151030',
24 silly addNameRange     '1.8.0-dev.20151031',
24 silly addNameRange     '1.8.0-dev.20151101',
24 silly addNameRange     '1.8.0-dev.20151102',
24 silly addNameRange     '1.8.0-dev.20151103',
24 silly addNameRange     '1.8.0-dev.20151104',
24 silly addNameRange     '1.8.0-dev.20151105',
24 silly addNameRange     '1.8.0-dev.20151106',
24 silly addNameRange     '1.8.0-dev.20151107',
24 silly addNameRange     '1.8.0-dev.20151108',
24 silly addNameRange     '1.8.0-dev.20151109',
24 silly addNameRange     '1.8.0-dev.20151110',
24 silly addNameRange     '1.8.0-dev.20151111',
24 silly addNameRange     '1.8.0-dev.20151112',
24 silly addNameRange     '1.8.0-dev.20151113',
24 silly addNameRange     '1.8.0-dev.20151114',
24 silly addNameRange     '1.8.0-dev.20151115',
24 silly addNameRange     '1.8.0-dev.20151116',
24 silly addNameRange     '1.8.0-dev.20151117',
24 silly addNameRange     '1.8.0-dev.20151118',
24 silly addNameRange     '1.8.0-dev.20151119',
24 silly addNameRange     '1.8.0-dev.20151120',
24 silly addNameRange     '1.8.0-dev.20151121',
24 silly addNameRange     '1.8.0-dev.20151122',
24 silly addNameRange     '1.8.0-dev.20151123',
24 silly addNameRange     '1.8.0-dev.20151124',
24 silly addNameRange     '1.8.0-dev.20151125',
24 silly addNameRange     '1.8.0-dev.20151126',
24 silly addNameRange     '1.8.0-dev.20151127',
24 silly addNameRange     '1.8.0-dev.20151128',
24 silly addNameRange     '1.8.0-dev.20151129',
24 silly addNameRange     '1.8.0-dev.20151130',
24 silly addNameRange     '1.7.3',
24 silly addNameRange     '1.8.0-dev.20151201',
24 silly addNameRange     '1.8.0-dev.20151202',
24 silly addNameRange     '1.8.0-dev.20151203',
24 silly addNameRange     '1.8.0-dev.20151204',
24 silly addNameRange     '1.8.0-dev.20151210',
24 silly addNameRange     '1.8.0-dev.20151211',
24 silly addNameRange     '1.8.0-dev.20151212',
24 silly addNameRange     '1.8.0-dev.20151213',
24 silly addNameRange     '1.8.0-dev.20151214',
24 silly addNameRange     '1.7.5',
24 silly addNameRange     '1.8.0-dev.20151215',
24 silly addNameRange     '1.8.0-dev.20151216',
24 silly addNameRange     '1.8.0-dev.20151217',
24 silly addNameRange     '1.8.0-dev.20151218',
24 silly addNameRange     '1.8.0-dev.20151219',
24 silly addNameRange     '1.8.0-dev.20151220',
24 silly addNameRange     '1.8.0-dev.20151221',
24 silly addNameRange     '1.8.0-dev.20151222',
24 silly addNameRange     '1.8.0-dev.20151223',
24 silly addNameRange     '1.8.0-dev.20151224',
24 silly addNameRange     '1.8.0-dev.20151225',
24 silly addNameRange     '1.8.0-dev.20151226',
24 silly addNameRange     '1.8.0-dev.20151227',
24 silly addNameRange     '1.8.0-dev.20151228',
24 silly addNameRange     '1.8.0-dev.20151229',
24 silly addNameRange     '1.8.0-dev.20151230',
24 silly addNameRange     '1.8.0-dev.20151231',
24 silly addNameRange     '1.8.0-dev.20160101',
24 silly addNameRange     '1.8.0-dev.20160102',
24 silly addNameRange     '1.8.0-dev.20160103',
24 silly addNameRange     '1.8.0-dev.20160104',
24 silly addNameRange     '1.8.0-dev.20160105',
24 silly addNameRange     '1.8.0-dev.20160106',
24 silly addNameRange     '1.8.0-dev.20160107',
24 silly addNameRange     '1.8.0-dev.20160108',
24 silly addNameRange     '1.8.0-dev.20160109',
24 silly addNameRange     '1.8.0-dev.20160110',
24 silly addNameRange     '1.8.0-dev.20160111',
24 silly addNameRange     '1.8.0-dev.20160112',
24 silly addNameRange     '1.8.0-dev.20160113',
24 silly addNameRange     '1.8.0-dev.20160114',
24 silly addNameRange     '1.8.0-dev.20160115',
24 silly addNameRange     '1.8.0-dev.20160116',
24 silly addNameRange     '1.8.0-dev.20160117',
24 silly addNameRange     '1.8.0-dev.20160118',
24 silly addNameRange     '1.8.0-dev.20160119',
24 silly addNameRange     '1.8.0-dev.20160120',
24 silly addNameRange     '1.8.0-dev.20160121',
24 silly addNameRange     '1.8.0-dev.20160122',
24 silly addNameRange     '1.8.0-dev.20160123',
24 silly addNameRange     '1.8.0-dev.20160124',
24 silly addNameRange     '1.8.0-dev.20160125',
24 silly addNameRange     '1.9.0-dev.20160126',
24 silly addNameRange     '1.9.0-dev.20160127',
24 silly addNameRange     '1.9.0-dev.20160128',
24 silly addNameRange     '1.8.0',
24 silly addNameRange     '1.9.0-dev.20160129',
24 silly addNameRange     '1.9.0-dev.20160130',
24 silly addNameRange     '1.9.0-dev.20160131',
24 silly addNameRange     '1.9.0-dev.20160201',
24 silly addNameRange     '1.9.0-dev.20160202',
24 silly addNameRange     '1.9.0-dev.20160203',
24 silly addNameRange     '1.9.0-dev.20160204',
24 silly addNameRange     '1.9.0-dev.20160205',
24 silly addNameRange     '1.9.0-dev.20160206',
24 silly addNameRange     '1.9.0-dev.20160207',
24 silly addNameRange     '1.9.0-dev.20160208',
24 silly addNameRange     '1.9.0-dev.20160209',
24 silly addNameRange     '1.9.0-dev.20160210',
24 silly addNameRange     '1.9.0-dev.20160211',
24 silly addNameRange     '1.9.0-dev.20160212',
24 silly addNameRange     '1.9.0-dev.20160213',
24 silly addNameRange     '1.9.0-dev.20160214',
24 silly addNameRange     '1.9.0-dev.20160215',
24 silly addNameRange     '1.9.0-dev.20160216',
24 silly addNameRange     '1.9.0-dev.20160217',
24 silly addNameRange     '1.9.0-dev.20160218',
24 silly addNameRange     '1.9.0-dev.20160219',
24 silly addNameRange     '1.9.0-dev.20160220',
24 silly addNameRange     '1.9.0-dev.20160221',
24 silly addNameRange     '1.9.0-dev.20160222',
24 silly addNameRange     '1.8.2',
24 silly addNameRange     '1.9.0-dev.20160223',
24 silly addNameRange     '1.9.0-dev.20160224',
24 silly addNameRange     '1.9.0-dev.20160225',
24 silly addNameRange     '1.9.0-dev.20160226',
24 silly addNameRange     '1.9.0-dev.20160227',
24 silly addNameRange     '1.9.0-dev.20160228',
24 silly addNameRange     '1.9.0-dev.20160229',
24 silly addNameRange     '1.9.0-dev.20160301',
24 silly addNameRange     '1.8.5',
24 silly addNameRange     '1.8.6',
24 silly addNameRange     '1.8.7',
24 silly addNameRange     '1.9.0-dev.20160302',
24 silly addNameRange     '1.9.0-dev.20160302.1',
24 silly addNameRange     '1.9.0-dev.20160303',
24 silly addNameRange     '1.9.0-dev.20160304',
24 silly addNameRange     '1.9.0-dev.20160305',
24 silly addNameRange     '1.9.0-dev.20160306',
24 silly addNameRange     '1.9.0-dev.20160307',
24 silly addNameRange     '1.9.0-dev.20160308',
24 silly addNameRange     '1.9.0-dev.20160309',
24 silly addNameRange     '1.9.0-dev.20160310',
24 silly addNameRange     '1.9.0-dev.20160311',
24 silly addNameRange     '1.9.0-dev.20160312',
24 silly addNameRange     '1.9.0-dev.20160313',
24 silly addNameRange     '1.9.0-dev.20160315',
24 silly addNameRange     '1.9.0-dev.20160316',
24 silly addNameRange     '1.8.9',
24 silly addNameRange     '1.9.0-dev.20160317',
24 silly addNameRange     '1.9.0-dev.20160318',
24 silly addNameRange     '1.9.0-dev.20160319',
24 silly addNameRange     '1.9.0-dev.20160320',
24 silly addNameRange     '1.9.0-dev.20160321',
24 silly addNameRange     '1.9.0-dev.20160322',
24 silly addNameRange     '1.9.0-dev.20160323',
24 silly addNameRange     '1.9.0-dev.20160324',
24 silly addNameRange     '1.9.0-dev.20160325',
24 silly addNameRange     '1.9.0-dev.20160326',
24 silly addNameRange     '1.9.0-dev.20160327',
24 silly addNameRange     '1.9.0-dev.20160328',
24 silly addNameRange     '1.9.0-dev.20160329',
24 silly addNameRange     '1.9.0-dev.20160330',
24 silly addNameRange     '1.9.0-dev.20160331',
24 silly addNameRange     '1.9.0-dev.20160401',
24 silly addNameRange     '1.9.0-dev.20160402',
24 silly addNameRange     '1.9.0-dev.20160403',
24 silly addNameRange     '1.9.0-dev.20160404',
24 silly addNameRange     '1.9.0-dev.20160405',
24 silly addNameRange     '1.9.0-dev.20160406',
24 silly addNameRange     '1.9.0-dev.20160407',
24 silly addNameRange     '1.9.0-dev.20160408',
24 silly addNameRange     '1.9.0-dev.20160409',
24 silly addNameRange     '1.9.0-dev.20160411',
24 silly addNameRange     '1.9.0-dev.20160412',
24 silly addNameRange     '1.8.10',
24 silly addNameRange     '1.9.0-dev.20160413',
24 silly addNameRange     '1.9.0-dev.20160414',
24 silly addNameRange     '1.9.0-dev.20160415',
24 silly addNameRange     '1.9.0-dev.20160416',
24 silly addNameRange     '1.9.0-dev.20160417',
24 silly addNameRange     '1.9.0-dev.20160418',
24 silly addNameRange     '1.9.0-dev.20160419',
24 silly addNameRange     '1.9.0-dev.20160420',
24 silly addNameRange     '1.9.0-dev.20160421',
24 silly addNameRange     '1.9.0-dev.20160422',
24 silly addNameRange     '1.9.0-dev.20160423',
24 silly addNameRange     '1.9.0-dev.20160424',
24 silly addNameRange     '1.9.0-dev.20160425',
24 silly addNameRange     '1.9.0-dev.20160426',
24 silly addNameRange     '1.9.0-dev.20160427',
24 silly addNameRange     '1.9.0-dev.20160428',
24 silly addNameRange     '1.9.0-dev.20160428-1.0',
24 silly addNameRange     '1.9.0-dev.20160429',
24 silly addNameRange     '1.9.0-dev.20160430',
24 silly addNameRange     '1.9.0-dev.20160501',
24 silly addNameRange     '1.9.0-dev.20160502',
24 silly addNameRange     '1.9.0-dev.20160503',
24 silly addNameRange     '1.9.0-dev.20160504',
24 silly addNameRange     '1.9.0-dev.20160505',
24 silly addNameRange     '1.9.0-dev.20160506',
24 silly addNameRange     '1.9.0-dev.20160507',
24 silly addNameRange     '1.9.0-dev.20160508',
24 silly addNameRange     '1.9.0-dev.20160509',
24 silly addNameRange     '1.9.0-dev.20160510',
24 silly addNameRange     '1.9.0-dev.20160511',
24 silly addNameRange     '1.9.0-dev.20160512',
24 silly addNameRange     '1.9.0-dev.20160513',
24 silly addNameRange     '1.9.0-dev.20160514',
24 silly addNameRange     '1.9.0-dev.20160515',
24 silly addNameRange     '1.9.0-dev.20160516',
24 silly addNameRange     '1.9.0-dev.20160517-1.0',
24 silly addNameRange     '1.9.0-dev.20160518-1.0',
24 silly addNameRange     '1.9.0-dev.20160519-1.0',
24 silly addNameRange     '1.9.0-dev.20160520-1.0',
24 silly addNameRange     '1.9.0-dev.20160521-1.0',
24 silly addNameRange     '1.9.0-dev.20160522-1.0',
24 silly addNameRange     '1.9.0-dev.20160523-1.0',
24 silly addNameRange     '1.9.0-dev.20160524-1.0',
24 silly addNameRange     '1.9.0-dev.20160525-1.0',
24 silly addNameRange     '1.9.0-dev.20160526-1.0',
24 silly addNameRange     '1.9.0-dev.20160527-1.0',
24 silly addNameRange     '1.9.0-dev.20160528-1.0',
24 silly addNameRange     '1.9.0-dev.20160529-1.0',
24 silly addNameRange     '1.9.0-dev.20160530-1.0',
24 silly addNameRange     '1.9.0-dev.20160531-1.0',
24 silly addNameRange     '1.9.0-dev.20160601-1.0',
24 silly addNameRange     '1.9.0-dev.20160602-1.0',
24 silly addNameRange     '1.9.0-dev.20160603-1.0',
24 silly addNameRange     '1.9.0-dev.20160604-1.0',
24 silly addNameRange     '1.9.0-dev.20160605-1.0',
24 silly addNameRange     '1.9.0-dev.20160606-1.0',
24 silly addNameRange     '1.9.0-dev.20160607-1.0',
24 silly addNameRange     '1.9.0-dev.20160608-1.0',
24 silly addNameRange     '1.9.0-dev.20160609-1.0',
24 silly addNameRange     '1.9.0-dev.20160610-1.0',
24 silly addNameRange     '1.9.0-dev.20160611-1.0',
24 silly addNameRange     '1.9.0-dev.20160612-1.0',
24 silly addNameRange     '1.9.0-dev.20160613-1.0',
24 silly addNameRange     '1.9.0-dev.20160614-1.0',
24 silly addNameRange     '1.9.0-dev.20160615-1.0',
24 silly addNameRange     '1.9.0-dev.20160616-1.0',
24 silly addNameRange     '1.9.0-dev.20160617-1.0',
24 silly addNameRange     '1.9.0-dev.20160618-1.0',
24 silly addNameRange     '1.9.0-dev.20160619-1.0',
24 silly addNameRange     '1.9.0-dev.20160620-1.0',
24 silly addNameRange     '1.9.0-dev.20160622-1.0',
24 silly addNameRange     '1.9.0-dev.20160623-1.0',
24 silly addNameRange     '1.9.0-dev.20160624-1.0',
24 silly addNameRange     '1.9.0-dev.20160625-1.0',
24 silly addNameRange     '1.9.0-dev.20160626-1.0',
24 silly addNameRange     '1.9.0-dev.20160627-1.0',
24 silly addNameRange     '2.0.0-dev.20160628',
24 silly addNameRange     '2.0.0-dev.20160629',
24 silly addNameRange     '2.0.0-dev.20160630',
24 silly addNameRange     '2.0.0-dev.20160701',
24 silly addNameRange     '2.0.0-dev.20160702',
24 silly addNameRange     '2.0.0-dev.20160703',
24 silly addNameRange     '2.0.0-dev.20160704',
24 silly addNameRange     '2.0.0-dev.20160705',
24 silly addNameRange     '2.0.0-dev.20160706',
24 silly addNameRange     '2.0.0-dev.20160707',
24 silly addNameRange     '2.0.0-dev.20160711',
24 silly addNameRange     '2.0.0',
24 silly addNameRange     '2.1.0-dev.20160712',
24 silly addNameRange     '2.1.0-dev.20160713',
24 silly addNameRange     '2.1.0-dev.20160714',
24 silly addNameRange     '2.1.0-dev.20160715',
24 silly addNameRange     '2.1.0-dev.20160716',
24 silly addNameRange     '2.1.0-dev.20160717',
24 silly addNameRange     '2.1.0-dev.20160718',
24 silly addNameRange     '2.1.0-dev.20160719',
24 silly addNameRange     '2.1.0-dev.20160720',
24 silly addNameRange     '2.1.0-dev.20160721',
24 silly addNameRange     '2.1.0-dev.20160722',
24 silly addNameRange     '2.1.0-dev.20160723',
24 silly addNameRange     '2.1.0-dev.20160724',
24 silly addNameRange     '2.1.0-dev.20160725',
24 silly addNameRange     '2.1.0-dev.20160726',
24 silly addNameRange     '2.1.0-dev.20160727',
24 silly addNameRange     '2.1.0-dev.20160728',
24 silly addNameRange     '2.1.0-dev.20160729',
24 silly addNameRange     '2.1.0-dev.20160730',
24 silly addNameRange     '2.1.0-dev.20160731',
24 silly addNameRange     '2.1.0-dev.20160801',
24 silly addNameRange     '2.1.0-dev.20160802',
24 silly addNameRange     '2.1.0-dev.20160803',
24 silly addNameRange     '2.1.0-dev.20160804',
24 silly addNameRange     '2.1.0-dev.20160805',
24 silly addNameRange     '2.1.0-dev.20160806',
24 silly addNameRange     '2.1.0-dev.20160807',
24 silly addNameRange     '2.1.0-dev.20160808',
24 silly addNameRange     '2.1.0-dev.20160809',
24 silly addNameRange     '2.1.0-dev.20160810',
24 silly addNameRange     '2.1.0-dev.20160811',
24 silly addNameRange     '2.1.0-dev.20160812',
24 silly addNameRange     '2.1.0-dev.20160813',
24 silly addNameRange     '2.1.0-dev.20160814',
24 silly addNameRange     '2.1.0-dev.20160815',
24 silly addNameRange     '2.1.0-dev.20160816',
24 silly addNameRange     '2.1.0-dev.20160817',
24 silly addNameRange     '2.1.0-dev.20160818',
24 silly addNameRange     '2.1.0-dev.20160819',
24 silly addNameRange     '2.1.0-dev.20160820',
24 silly addNameRange     '2.1.0-dev.20160821',
24 silly addNameRange     '2.1.0-dev.20160822',
24 silly addNameRange     '2.1.0-dev.20160823',
24 silly addNameRange     '2.1.0-dev.20160824',
24 silly addNameRange     '2.1.0-dev.20160825',
24 silly addNameRange     '2.1.0-dev.20160826',
24 silly addNameRange     '2.1.0-dev.20160827',
24 silly addNameRange     '2.1.0-dev.20160828',
24 silly addNameRange     '2.1.0-dev.20160829',
24 silly addNameRange     '2.1.0-dev.20160830',
24 silly addNameRange     '2.0.2',
24 silly addNameRange     '2.1.0-dev.20160831',
24 silly addNameRange     '2.1.0-dev.20160901',
24 silly addNameRange     '2.1.0-dev.20160902',
24 silly addNameRange     '2.1.0-dev.20160903',
24 silly addNameRange     '2.1.0-dev.20160904',
24 silly addNameRange     '2.1.0-dev.20160905',
24 silly addNameRange     '2.1.0-dev.20160906',
24 silly addNameRange     '2.1.0-dev.20160907',
24 silly addNameRange     '2.1.0-dev.20160908',
24 silly addNameRange     '2.1.0-dev.20160909',
24 silly addNameRange     '2.1.0-dev.20160910',
24 silly addNameRange     '2.1.0-dev.20160911',
24 silly addNameRange     '2.1.0-dev.20160912',
24 silly addNameRange     '2.1.0-dev.20160913',
24 silly addNameRange     '2.1.0-dev.20160914',
24 silly addNameRange     '2.1.0-dev.20160915',
24 silly addNameRange     '2.1.0-dev.20160916',
24 silly addNameRange     '2.1.0-dev.20160917',
24 silly addNameRange     '2.1.0-dev.20160918',
24 silly addNameRange     '2.1.0-dev.20160919',
24 silly addNameRange     '2.1.0-dev.20160920',
24 silly addNameRange     '2.1.0-dev.20160921',
24 silly addNameRange     '2.1.0-dev.20160922',
24 silly addNameRange     '2.0.3',
24 silly addNameRange     '2.1.0-dev.20160923',
24 silly addNameRange     '2.1.0-dev.20160924',
24 silly addNameRange     '2.1.0-dev.20160925',
24 silly addNameRange     '2.1.0-dev.20160926',
24 silly addNameRange     '2.1.0-dev.20160927',
24 silly addNameRange     '2.1.0-dev.20160928',
24 silly addNameRange     '2.1.0-dev.20160929',
24 silly addNameRange     '2.1.0-dev.20160930',
24 silly addNameRange     '2.1.0-dev.20161001',
24 silly addNameRange     '2.1.0-dev.20161002',
24 silly addNameRange     '2.1.0-dev.20161003',
24 silly addNameRange     '2.1.0-dev.20161004',
24 silly addNameRange     '2.1.0-dev.20161005',
24 silly addNameRange     '2.1.0-dev.20161006',
24 silly addNameRange     '2.1.0-dev.20161007',
24 silly addNameRange     '2.0.6-insiders.20161007',
24 silly addNameRange     '2.1.0-dev.20161008',
24 silly addNameRange     '2.1.0-dev.20161009',
24 silly addNameRange     '2.1.0-dev.20161010',
24 silly addNameRange     '2.1.0-dev.20161011',
24 silly addNameRange     '2.1.0-dev.20161012',
24 silly addNameRange     '2.0.6-insiders.20161012',
24 silly addNameRange     '2.1.0-dev.20161013',
24 silly addNameRange     '2.1.0-dev.20161014',
24 silly addNameRange     '2.0.6-insiders.20161014',
24 silly addNameRange     '2.1.0-dev.20161015',
24 silly addNameRange     '2.1.0-dev.20161016',
24 silly addNameRange     '2.1.0-dev.20161017',
24 silly addNameRange     '2.0.6-insiders.20161017',
24 silly addNameRange     '2.1.0-dev.20161018',
24 silly addNameRange     '2.1.0-dev.20161019',
24 silly addNameRange     '2.1.0-dev.20161020',
24 silly addNameRange     '2.1.0-dev.20161021',
24 silly addNameRange     '2.1.0-dev.20161022',
24 silly addNameRange     '2.1.0-dev.20161023',
24 silly addNameRange     '2.1.0-dev.20161024',
24 silly addNameRange     '2.1.0-dev.20161025',
24 silly addNameRange     '2.0.6',
24 silly addNameRange     '2.1.0-dev.20161026',
24 silly addNameRange     '2.1.0-dev.20161027',
24 silly addNameRange     '2.1.0-dev.20161028',
24 silly addNameRange     '2.1.0-dev.20161029',
24 silly addNameRange     '2.1.0-dev.20161030',
24 silly addNameRange     '2.1.0-dev.20161031',
24 silly addNameRange     '2.1.0-dev.20161101',
24 silly addNameRange     '2.1.0-dev.20161102',
24 silly addNameRange     '2.1.0-dev.20161103',
24 silly addNameRange     '2.0.7',
24 silly addNameRange     '2.1.0-dev.20161104',
24 silly addNameRange     '2.1.0-dev.20161105',
24 silly addNameRange     '2.1.0-dev.20161106',
24 silly addNameRange     '2.1.0-dev.20161107',
24 silly addNameRange     '2.0.8',
24 silly addNameRange     '2.1.0-dev.20161108',
24 silly addNameRange     '2.1.1',
24 silly addNameRange     '2.1.0-dev.20161109',
24 silly addNameRange     '2.1.0-dev.20161110',
24 silly addNameRange     '2.0.9',
24 silly addNameRange     '2.2.0-dev.20161111',
24 silly addNameRange     '2.2.0-dev.20161112',
24 silly addNameRange     '2.2.0-dev.20161113',
24 silly addNameRange     '2.2.0-dev.20161114',
24 silly addNameRange     '2.2.0-dev.20161115',
24 silly addNameRange     '2.0.10',
24 silly addNameRange     '2.2.0-dev.20161116',
24 silly addNameRange     '2.2.0-dev.20161117',
24 silly addNameRange     '2.2.0-dev.20161118',
24 silly addNameRange     '2.2.0-dev.20161120',
24 silly addNameRange     '2.2.0-dev.20161121',
24 silly addNameRange     '2.2.0-dev.20161122',
24 silly addNameRange     '2.2.0-dev.20161123',
24 silly addNameRange     '2.2.0-dev.20161124',
24 silly addNameRange     '2.2.0-dev.20161125',
24 silly addNameRange     '2.2.0-dev.20161126',
24 silly addNameRange     '2.2.0-dev.20161127',
24 silly addNameRange     '2.2.0-dev.20161128',
24 silly addNameRange     '2.2.0-dev.20161129',
24 silly addNameRange     '2.1.3-insiders.20161130',
24 silly addNameRange     '2.2.0-dev.20161130',
24 silly addNameRange     '2.2.0-dev.20161201',
24 silly addNameRange     '2.1.4-insiders.20161201',
24 silly addNameRange     '2.2.0-dev.20161202',
24 silly addNameRange     '2.2.0-dev.20161203',
24 silly addNameRange     '2.2.0-dev.20161204',
24 silly addNameRange     '2.2.0-dev.20161205',
24 silly addNameRange     '2.1.4-insiders.20161206',
24 silly addNameRange     '2.2.0-dev.20161206',
24 silly addNameRange     '2.2.0-dev.20161207',
24 silly addNameRange     '2.1.4',
24 silly addNameRange     '2.2.0-dev.20161208',
24 silly addNameRange     '2.2.0-dev.20161209',
24 silly addNameRange     '2.2.0-dev.20161210',
24 silly addNameRange     '2.2.0-dev.20161211',
24 silly addNameRange     '2.2.0-dev.20161212',
24 silly addNameRange     '2.2.0-dev.20161213',
24 silly addNameRange     '2.1.5-insiders.20161213',
24 silly addNameRange     '2.2.0-dev.20161214',
24 silly addNameRange     '2.2.0-dev.20161215',
24 silly addNameRange     '2.2.0-dev.20161216',
24 silly addNameRange     '2.2.0-dev.20161217',
24 silly addNameRange     '2.2.0-dev.20161218',
24 silly addNameRange     '2.2.0-dev.20161219',
24 silly addNameRange     '2.2.0-dev.20161220',
24 silly addNameRange     '2.1.5-insiders.20161220',
24 silly addNameRange     '2.2.0-dev.20161221',
24 silly addNameRange     '2.2.0-dev.20161222',
24 silly addNameRange     '2.2.0-dev.20161223',
24 silly addNameRange     '2.2.0-dev.20161224',
24 silly addNameRange     '2.2.0-dev.20161225',
24 silly addNameRange     '2.2.0-dev.20161226',
24 silly addNameRange     '2.2.0-dev.20161227',
24 silly addNameRange     '2.2.0-dev.20161228',
24 silly addNameRange     '2.2.0-dev.20161229',
24 silly addNameRange     '2.1.5-insiders.20161229',
24 silly addNameRange     '2.2.0-dev.20161230',
24 silly addNameRange     '2.2.0-dev.20161231',
24 silly addNameRange     '2.2.0-dev.20170101',
24 silly addNameRange     '2.2.0-dev.20170102',
24 silly addNameRange     '2.2.0-dev.20170103',
24 silly addNameRange     '2.2.0-dev.20170104',
24 silly addNameRange     '2.2.0-dev.20170105',
24 silly addNameRange     '2.2.0-dev.20170106',
24 silly addNameRange     '2.2.0-dev.20170107',
24 silly addNameRange     '2.2.0-dev.20170108',
24 silly addNameRange     '2.2.0-dev.20170109',
24 silly addNameRange     '2.2.0-dev.20170110',
24 silly addNameRange     '2.2.0-dev.20170111',
24 silly addNameRange     '2.1.5',
24 silly addNameRange     '2.2.0-dev.20170112',
24 silly addNameRange     '2.2.0-dev.20170113',
24 silly addNameRange     '2.2.0-dev.20170114',
24 silly addNameRange     '2.2.0-dev.20170115',
24 silly addNameRange     '2.2.0-dev.20170116',
24 silly addNameRange     '2.2.0-dev.20170117',
24 silly addNameRange     '2.2.0-dev.20170118',
24 silly addNameRange     '2.2.0-dev.20170119',
24 silly addNameRange     '2.2.0-dev.20170120',
24 silly addNameRange     '2.2.0-dev.20170121',
24 silly addNameRange     '2.2.0-dev.20170122',
24 silly addNameRange     '2.2.0-dev.20170123',
24 silly addNameRange     '2.2.0-dev.20170124',
24 silly addNameRange     '2.2.0-dev.20170125',
24 silly addNameRange     '2.2.0-dev.20170126',
24 silly addNameRange     '2.2.0-dev.20170127',
24 silly addNameRange     '2.2.0-dev.20170128',
24 silly addNameRange     '2.2.0-dev.20170129',
24 silly addNameRange     '2.2.0-dev.20170130',
24 silly addNameRange     '2.2.0-dev.20170131',
24 silly addNameRange     '2.2.0-dev.20170201',
24 silly addNameRange     '2.2.0-dev.20170202',
24 silly addNameRange     '2.2.0',
24 silly addNameRange     '2.2.0-dev.20170203',
24 silly addNameRange     '2.2.0-dev.20170204',
24 silly addNameRange     '2.2.0-dev.20170205',
24 silly addNameRange     '2.2.0-dev.20170206',
24 silly addNameRange     '2.2.0-dev.20170207',
24 silly addNameRange     '2.1.6',
24 silly addNameRange     '2.2.0-dev.20170209',
24 silly addNameRange     '2.2.1-insiders.20170209',
24 silly addNameRange     '2.2.0-dev.20170210',
24 silly addNameRange     '2.2.0-dev.20170211',
24 silly addNameRange     '2.2.0-dev.20170212',
24 silly addNameRange     '2.2.0-dev.20170213',
24 silly addNameRange     '2.2.0-dev.20170214',
24 silly addNameRange     '2.3.0-dev.20170215',
24 silly addNameRange     '2.3.0-dev.20170216',
24 silly addNameRange     '2.2.1-insiders.20170216',
24 silly addNameRange     '2.3.0-dev.20170217',
24 silly addNameRange     '2.2.1-insiders.20170217',
24 silly addNameRange     '2.3.0-dev.20170218',
24 silly addNameRange     '2.3.0-dev.20170219',
24 silly addNameRange     '2.3.0-dev.20170220',
24 silly addNameRange     '2.3.0-dev.20170221',
24 silly addNameRange     '2.3.0-dev.20170222',
24 silly addNameRange     '2.2.1',
24 silly addNameRange     '2.3.0-dev.20170223',
24 silly addNameRange     '2.3.0-dev.20170224',
24 silly addNameRange     '2.3.0-dev.20170225',
24 silly addNameRange     '2.3.0-dev.20170226',
24 silly addNameRange     '2.3.0-dev.20170227',
24 silly addNameRange     '2.3.0-dev.20170228',
24 silly addNameRange     '2.3.0-dev.20170301',
24 silly addNameRange     '2.3.0-dev.20170302',
24 silly addNameRange     '2.2.2-insiders.20170302',
24 silly addNameRange     '2.3.0-dev.20170303',
24 silly addNameRange     '2.3.0-dev.20170306',
24 silly addNameRange     '2.3.0-dev.20170307',
24 silly addNameRange     '2.3.0-dev.20170308',
24 silly addNameRange     '2.3.0-dev.20170310',
24 silly addNameRange     '2.3.0-dev.20170311',
24 silly addNameRange     '2.3.0-dev.20170312',
24 silly addNameRange     '2.3.0-dev.20170313',
24 silly addNameRange     '2.3.0-dev.20170314',
24 silly addNameRange     '2.3.0-dev.20170315',
24 silly addNameRange     '2.3.0-dev.20170316',
24 silly addNameRange     '2.3.0-dev.20170317',
24 silly addNameRange     '2.2.2-insiders.20170317',
24 silly addNameRange     '2.3.0-dev.20170318',
24 silly addNameRange     '2.3.0-dev.20170319',
24 silly addNameRange     '2.3.0-dev.20170320',
24 silly addNameRange     '2.3.0-dev.20170321',
24 silly addNameRange     '2.3.0-dev.20170322',
24 silly addNameRange     '2.3.0-dev.20170323',
24 silly addNameRange     '2.3.0-dev.20170324',
24 silly addNameRange     '2.3.0-dev.20170325',
24 silly addNameRange     '2.3.0-dev.20170326',
24 silly addNameRange     '2.3.0-dev.20170327',
24 silly addNameRange     '2.2.2',
24 silly addNameRange     '2.3.0-dev.20170328',
24 silly addNameRange     '2.3.0-dev.20170329',
24 silly addNameRange     '2.3.0-dev.20170330',
24 silly addNameRange     '2.3.0-dev.20170331',
24 silly addNameRange     '2.3.0-dev.20170401',
24 silly addNameRange     '2.3.0-dev.20170402',
24 silly addNameRange     '2.3.0-dev.20170403',
24 silly addNameRange     '2.3.0-dev.20170404',
24 silly addNameRange     '2.3.0-dev.20170405',
24 silly addNameRange     '2.3.0-dev.20170406',
24 silly addNameRange     '2.3.0-dev.20170407',
24 silly addNameRange     '2.3.0',
24 silly addNameRange     '2.3.0-dev.20170411',
24 silly addNameRange     '2.3.0-dev.20170412',
24 silly addNameRange     '2.3.0-dev.20170413',
24 silly addNameRange     '2.3.1-insiders.20170413',
24 silly addNameRange     '2.3.0-dev.20170414',
24 silly addNameRange     '2.3.0-dev.20170415',
24 silly addNameRange     '2.3.0-dev.20170416',
24 silly addNameRange     '2.3.1-insiders.20170416',
24 silly addNameRange     '2.3.0-dev.20170417',
24 silly addNameRange     '2.3.0-dev.20170418',
24 silly addNameRange     '2.3.0-dev.20170419',
24 silly addNameRange     '2.3.0-dev.20170420',
24 silly addNameRange     '2.3.1-insiders.20170420',
24 silly addNameRange     '2.3.0-dev.20170421',
24 silly addNameRange     '2.3.0-dev.20170422',
24 silly addNameRange     '2.3.0-dev.20170423',
24 silly addNameRange     '2.3.0-dev.20170424',
24 silly addNameRange     '2.3.0-dev.20170425',
24 silly addNameRange     '2.3.1-insiders.20170425',
24 silly addNameRange     '2.3.1-insiders.20170425.1',
24 silly addNameRange     '2.3.0-dev.20170426',
24 silly addNameRange     '2.4.0-dev.20170427',
24 silly addNameRange     '2.3.1',
24 silly addNameRange     '2.4.0-dev.20170428',
24 silly addNameRange     '2.3.2',
24 silly addNameRange     '2.4.0-dev.20170429',
24 silly addNameRange     '2.4.0-dev.20170430',
24 silly addNameRange     '2.4.0-dev.20170501',
24 silly addNameRange     '2.4.0-dev.20170502',
24 silly addNameRange     '2.4.0-dev.20170503',
24 silly addNameRange     '2.4.0-dev.20170504',
24 silly addNameRange     '2.4.0-dev.20170505',
24 silly addNameRange     '2.4.0-dev.20170506',
24 silly addNameRange     '2.4.0-dev.20170507',
24 silly addNameRange     '2.4.0-dev.20170508',
24 silly addNameRange     '2.4.0-dev.20170509',
24 silly addNameRange     '2.4.0-dev.20170510',
24 silly addNameRange     '2.4.0-dev.20170511',
24 silly addNameRange     '2.4.0-dev.20170512',
24 silly addNameRange     '2.3.3-insiders.20170512',
24 silly addNameRange     '2.4.0-dev.20170513',
24 silly addNameRange     '2.4.0-dev.20170514',
24 silly addNameRange     '2.4.0-dev.20170515',
24 silly addNameRange     '2.4.0-dev.20170516',
24 silly addNameRange     '2.4.0-dev.20170517',
24 silly addNameRange     '2.4.0-dev.20170518',
24 silly addNameRange     '2.4.0-dev.20170519',
24 silly addNameRange     '2.3.3',
24 silly addNameRange     '2.4.0-dev.20170523',
24 silly addNameRange     '2.4.0-dev.20170524',
24 silly addNameRange     '2.4.0-dev.20170525',
24 silly addNameRange     '2.4.0-dev.20170526',
24 silly addNameRange     '2.4.0-dev.20170527',
24 silly addNameRange     '2.4.0-dev.20170528',
24 silly addNameRange     '2.4.0-dev.20170529',
24 silly addNameRange     '2.4.0-dev.20170530',
24 silly addNameRange     '2.3.4',
24 silly addNameRange     '2.4.0-dev.20170531',
24 silly addNameRange     '2.4.0-dev.20170601',
24 silly addNameRange     '2.4.0-dev.20170602',
24 silly addNameRange     '2.4.0-dev.20170603',
24 silly addNameRange     '2.4.0-dev.20170604',
24 silly addNameRange     '2.4.0-dev.20170605',
24 silly addNameRange     '2.4.0-dev.20170606',
24 silly addNameRange     '2.4.0-dev.20170607',
24 silly addNameRange     '2.4.0-dev.20170608',
24 silly addNameRange     '2.4.0-dev.20170609',
24 silly addNameRange     '2.4.0-dev.20170610',
24 silly addNameRange     '2.4.0-dev.20170611',
24 silly addNameRange     '2.4.0-dev.20170612',
24 silly addNameRange     '2.4.0',
24 silly addNameRange     '2.5.0-dev.20170613',
24 silly addNameRange     '2.5.0-dev.20170614',
24 silly addNameRange     '2.4.1-insiders.20170614',
24 silly addNameRange     '2.5.0-dev.20170615',
24 silly addNameRange     '2.4.1-insiders.20170615',
24 silly addNameRange     '2.5.0-dev.20170616',
24 silly addNameRange     '2.5.0-dev.20170617',
24 silly addNameRange     '2.5.0-dev.20170618',
24 silly addNameRange     '2.5.0-dev.20170619',
24 silly addNameRange     '2.5.0-dev.20170621',
24 silly addNameRange     '2.5.0-dev.20170622',
24 silly addNameRange     '2.5.0-dev.20170623',
24 silly addNameRange     '2.5.0-dev.20170624',
24 silly addNameRange     '2.5.0-dev.20170625',
24 silly addNameRange     '2.5.0-dev.20170626',
24 silly addNameRange     '2.5.0-dev.20170627',
24 silly addNameRange     '2.4.1',
24 silly addNameRange     '2.5.0-dev.20170628',
24 silly addNameRange     '2.5.0-dev.20170629',
24 silly addNameRange     '2.4.1-insiders.20170630',
24 silly addNameRange     '2.4.2-insiders.20170630',
24 silly addNameRange     '2.5.0-dev.20170707',
24 silly addNameRange     '2.5.0-dev.20170712',
24 silly addNameRange     '2.4.2-insiders.20170719',
24 silly addNameRange     '2.4.2',
24 silly addNameRange     '2.5.0-dev.20170719',
24 silly addNameRange     '2.5.0-dev.20170725',
24 silly addNameRange     '2.5.0-dev.20170727',
24 silly addNameRange     '2.5.0-dev.20170731',
24 silly addNameRange     '2.5.0-dev.20170801',
24 silly addNameRange     '2.5.0-dev.20170803',
24 silly addNameRange     '2.5.0-dev.20170807',
24 silly addNameRange     '2.5.0-dev.20170808',
24 silly addNameRange     '2.5.0-dev.20170815',
24 silly addNameRange     '2.5.0-dev.20170816',
24 silly addNameRange     '2.6.0-dev.20170817',
24 silly addNameRange     '2.5.0',
24 silly addNameRange     '2.6.0-dev.20170818',
24 silly addNameRange     '2.5.1',
24 silly addNameRange     '2.5.1-insiders.20170818',
24 silly addNameRange     '2.6.0-dev.20170819',
24 silly addNameRange     '2.5.1-insiders.20170822',
24 silly addNameRange     '2.6.0-dev.20170822',
24 silly addNameRange     '2.6.0-dev.20170823',
24 silly addNameRange     '2.6.0-dev.20170824',
24 silly addNameRange     '2.6.0-dev.20170825',
24 silly addNameRange     '2.5.1-insiders.20170825',
24 silly addNameRange     '2.6.0-dev.20170826',
24 silly addNameRange     '2.6.0-dev.20170829',
24 silly addNameRange     '2.6.0-dev.20170830',
24 silly addNameRange     '2.6.0-dev.20170831',
24 silly addNameRange     '2.5.2',
24 silly addNameRange     '2.6.0-dev.20170901',
24 silly addNameRange     '2.6.0-dev.20170902',
24 silly addNameRange     '2.6.0-dev.20170904',
24 silly addNameRange     '2.6.0-dev.20170906',
24 silly addNameRange     '2.6.0-dev.20170907',
24 silly addNameRange     '2.5.3-insiders.20170908',
24 silly addNameRange     '2.6.0-dev.20170908',
24 silly addNameRange     '2.5.3-insiders.20170909',
24 silly addNameRange     '2.6.0-dev.20170909',
24 silly addNameRange     '2.6.0-dev.20170910',
24 silly addNameRange     '2.6.0-dev.20170912',
24 silly addNameRange     '2.6.0-dev.20170913',
24 silly addNameRange     '2.6.0-dev.20170914',
24 silly addNameRange     '2.6.0-dev.20170915',
24 silly addNameRange     '2.6.0-dev.20170916',
24 silly addNameRange     '2.6.0-dev.20170919',
24 silly addNameRange     '2.5.3-insiders.20170919',
24 silly addNameRange     '2.6.0-dev.20170920',
24 silly addNameRange     '2.6.0-dev.20170921',
24 silly addNameRange     '2.6.0-dev.20170922',
24 silly addNameRange     '2.5.3-insiders.20170922',
24 silly addNameRange     '2.6.0-dev.20170923',
24 silly addNameRange     '2.6.0-dev.20170926',
24 silly addNameRange     '2.5.3',
24 silly addNameRange     '2.6.0-dev.20170927',
24 silly addNameRange     '2.6.0-dev.20170928',
24 silly addNameRange     '2.6.0-dev.20170929',
24 silly addNameRange     '2.6.0-dev.20170930',
24 silly addNameRange     '2.6.0-dev.20171003',
24 silly addNameRange     '2.6.0-dev.20171004',
24 silly addNameRange     '2.6.0-dev.20171005',
24 silly addNameRange     '2.6.0-dev.20171006',
24 silly addNameRange     '2.6.0-dev.20171007',
24 silly addNameRange     '2.6.0-dev.20171010',
24 silly addNameRange     '2.6.0-dev.20171011',
24 silly addNameRange     '2.6.0-dev.20171012',
24 silly addNameRange     '2.6.0-rc',
24 silly addNameRange     '2.6.0-insiders.20171013',
24 silly addNameRange     '2.6.0-dev.20171013',
24 silly addNameRange     '2.6.0-dev.20171014',
24 silly addNameRange     '2.6.0-dev.20171015',
24 silly addNameRange     '2.6.1-insiders.20171016',
24 silly addNameRange     '2.6.0-dev.20171017',
24 silly addNameRange     '2.6.0-dev.20171018',
24 silly addNameRange     '2.6.0-dev.20171019',
24 silly addNameRange     '2.6.1-insiders.20171019',
24 silly addNameRange     '2.7.0-dev.20171020',
24 silly addNameRange     '2.7.0-dev.20171021',
24 silly addNameRange     '2.7.0-dev.20171024',
24 silly addNameRange     '2.7.0-dev.20171025',
24 silly addNameRange     '2.7.0-dev.20171026',
24 silly addNameRange     '2.7.0-dev.20171027',
24 silly addNameRange     '2.7.0-dev.20171028',
24 silly addNameRange     '2.7.0-dev.20171029',
24 silly addNameRange     '2.7.0-dev.20171031',
24 silly addNameRange     '2.6.1',
24 silly addNameRange     '2.7.0-dev.20171101',
24 silly addNameRange     '2.7.0-dev.20171102',
24 silly addNameRange     '2.7.0-dev.20171103',
24 silly addNameRange     '2.7.0-dev.20171104',
24 silly addNameRange     '2.7.0-dev.20171108',
24 silly addNameRange     '2.7.0-dev.20171109',
24 silly addNameRange     '2.7.0-dev.20171110',
24 silly addNameRange     '2.7.0-dev.20171111',
24 silly addNameRange     '2.7.0-dev.20171112',
24 silly addNameRange     '2.7.0-dev.20171114',
24 silly addNameRange     '2.7.0-dev.20171115',
24 silly addNameRange     '2.7.0-dev.20171116',
24 silly addNameRange     '2.7.0-dev.20171117',
24 silly addNameRange     '2.7.0-dev.20171118',
24 silly addNameRange     '2.6.2-insiders.20171120',
24 silly addNameRange     '2.7.0-dev.20171121',
24 silly addNameRange     '2.7.0-dev.20171122',
24 silly addNameRange     '2.7.0-dev.20171123',
24 silly addNameRange     '2.7.0-dev.20171124',
24 silly addNameRange     '2.7.0-dev.20171125',
24 silly addNameRange     '2.7.0-dev.20171126',
24 silly addNameRange     '2.6.2',
24 silly addNameRange     '2.7.0-dev.20171128',
24 silly addNameRange     '2.7.0-dev.20171129',
24 silly addNameRange     '2.7.0-dev.20171130',
24 silly addNameRange     '2.7.0-dev.20171201',
24 silly addNameRange     '2.7.0-dev.20171202',
24 silly addNameRange     '2.7.0-dev.20171203',
24 silly addNameRange     '2.7.0-dev.20171205',
24 silly addNameRange     '2.7.0-dev.20171206',
24 silly addNameRange     '2.7.0-dev.20171207',
24 silly addNameRange     '2.7.0-dev.20171208',
24 silly addNameRange     '2.7.0-dev.20171209',
24 silly addNameRange     '2.7.0-dev.20171212',
24 silly addNameRange     '2.7.0-dev.20171213',
24 silly addNameRange     '2.7.0-dev.20171214',
24 silly addNameRange     '2.7.0-insiders.20171214',
24 silly addNameRange     '2.7.0-dev.20171215',
24 silly addNameRange     '2.7.0-dev.20171216',
24 silly addNameRange     '2.7.0-dev.20171219',
24 silly addNameRange     '2.7.0-dev.20171220',
24 silly addNameRange     '2.7.0-dev.20171221',
24 silly addNameRange     '2.7.0-dev.20171222',
24 silly addNameRange     '2.7.0-dev.20171223',
24 silly addNameRange     '2.7.0-dev.20171224',
24 silly addNameRange     '2.7.0-dev.20171226',
24 silly addNameRange     '2.7.0-dev.20171229',
24 silly addNameRange     '2.7.0-dev.20171230',
24 silly addNameRange     '2.7.0-dev.20180103',
24 silly addNameRange     '2.7.0-dev.20180104',
24 silly addNameRange     '2.7.0-dev.20180105',
24 silly addNameRange     '2.7.0-dev.20180106',
24 silly addNameRange     '2.7.0-dev.20180107',
24 silly addNameRange     '2.7.0-dev.20180108',
24 silly addNameRange     '2.7.0-insiders.20180108',
24 silly addNameRange     '2.7.0-dev.20180109',
24 silly addNameRange     '2.7.0-dev.20180110',
24 silly addNameRange     '2.7.0-dev.20180111',
24 silly addNameRange     '2.7.0-dev.20180112',
24 silly addNameRange     '2.7.0-dev.20180113',
24 silly addNameRange     '2.7.0-dev.20180116',
24 silly addNameRange     '2.7.0-rc',
24 silly addNameRange     '2.7.0-insiders.20180117',
24 silly addNameRange     '2.7.0-dev.20180118',
24 silly addNameRange     '2.7.0-dev.20180119',
24 silly addNameRange     '2.7.0-insiders.20180119',
24 silly addNameRange     '2.7.0-dev.20180120',
24 silly addNameRange     '2.7.0-dev.20180122',
24 silly addNameRange     '2.7.0-dev.20180123',
24 silly addNameRange     '2.7.0-dev.20180124',
24 silly addNameRange     '2.8.0-dev.20180125',
24 silly addNameRange     '2.8.0-dev.20180126',
24 silly addNameRange     '2.8.0-insiders.20180127',
24 silly addNameRange     '2.8.0-dev.20180127',
24 silly addNameRange     '2.7.1-insiders.20180127',
24 silly addNameRange     '2.8.0-dev.20180130',
24 silly addNameRange     '2.8.0-dev.20180131',
24 silly addNameRange     '2.7.1',
24 silly addNameRange     '2.8.0-dev.20180201',
24 silly addNameRange     '2.8.0-dev.20180202',
24 silly addNameRange     '2.8.0-dev.20180203',
24 silly addNameRange     '2.8.0-dev.20180204',
24 silly addNameRange     '2.8.0-dev.20180206',
24 silly addNameRange     '2.7.2-dev.20180207',
24 silly addNameRange     '2.8.0-dev.20180208',
24 silly addNameRange     '2.8.0-dev.20180209',
24 silly addNameRange     '2.7.2-insiders.20180209',
24 silly addNameRange     '2.8.0-dev.20180210',
24 silly addNameRange     '2.8.0-dev.20180211',
24 silly addNameRange     '2.8.0-dev.20180213',
24 silly addNameRange     '2.8.0-dev.20180214',
24 silly addNameRange     '2.8.0-dev.20180215',
24 silly addNameRange     '2.7.2',
24 silly addNameRange     '2.8.0-dev.20180216',
24 silly addNameRange     '2.8.0-dev.20180217',
24 silly addNameRange     '2.8.0-dev.20180220',
24 silly addNameRange     '2.8.0-dev.20180221',
24 silly addNameRange     '2.8.0-dev.20180222',
24 silly addNameRange     '2.8.0-dev.20180223',
24 silly addNameRange     '2.8.0-dev.20180224',
24 silly addNameRange     '2.8.0-dev.20180227',
24 silly addNameRange     '2.8.0-dev.20180228',
24 silly addNameRange     '2.8.0-dev.20180301',
24 silly addNameRange     '2.8.0-dev.20180302',
24 silly addNameRange     '2.8.0-dev.20180307',
24 silly addNameRange     '2.8.0-dev.20180308',
24 silly addNameRange     '2.8.0-dev.20180314',
24 silly addNameRange     '2.8.0-dev.20180315',
24 silly addNameRange     '2.8.0-rc',
24 silly addNameRange     '2.8.0-insiders.20180315',
24 silly addNameRange     '2.8.0-dev.20180316',
24 silly addNameRange     '2.8.0-dev.20180317',
24 silly addNameRange     '2.8.0-dev.20180318',
24 silly addNameRange     '2.8.0-insiders.20180320',
24 silly addNameRange     '2.8.0-dev.20180320',
24 silly addNameRange     '2.8.0-dev.20180321',
24 silly addNameRange     '2.8.0-dev.20180322',
24 silly addNameRange     '2.9.0-dev.20180323',
24 silly addNameRange     '2.9.0-dev.20180324',
24 silly addNameRange     '2.9.0-dev.20180325',
24 silly addNameRange     '2.9.0-dev.20180327',
24 silly addNameRange     '2.8.1',
24 silly addNameRange     '2.9.0-dev.20180328',
24 silly addNameRange     '2.9.0-dev.20180329',
24 silly addNameRange     '2.9.0-dev.20180330',
24 silly addNameRange     '2.9.0-dev.20180331',
24 silly addNameRange     '2.9.0-dev.20180401',
24 silly addNameRange     '2.9.0-dev.20180402',
24 silly addNameRange     '2.9.0-dev.20180403',
24 silly addNameRange     '2.9.0-dev.20180404',
24 silly addNameRange     '2.9.0-dev.20180405',
24 silly addNameRange     '2.9.0-dev.20180406',
24 silly addNameRange     '2.8.3-insiders.20180407',
24 silly addNameRange     '2.9.0-dev.20180407',
24 silly addNameRange     '2.9.0-dev.20180409',
24 silly addNameRange     '2.9.0-dev.20180410',
24 silly addNameRange     '2.9.0-dev.20180411',
24 silly addNameRange     '2.9.0-dev.20180412',
24 silly addNameRange     '2.9.0-dev.20180414',
24 silly addNameRange     '2.9.0-dev.20180418',
24 silly addNameRange     '2.9.0-dev.20180419',
24 silly addNameRange     '2.8.3',
24 silly addNameRange     '2.9.0-dev.20180420',
24 silly addNameRange     '2.9.0-dev.20180421',
24 silly addNameRange     '2.9.0-dev.20180422',
24 silly addNameRange     '2.9.0-dev.20180424',
24 silly addNameRange     '2.9.0-dev.20180425',
24 silly addNameRange     '2.9.0-dev.20180426',
24 silly addNameRange     '2.9.0-dev.20180427',
24 silly addNameRange     '2.9.0-dev.20180428',
24 silly addNameRange     '2.9.0-dev.20180429',
24 silly addNameRange     '2.9.0-dev.20180430',
24 silly addNameRange     '2.9.0-dev.20180501',
24 silly addNameRange     '2.9.0-dev.20180502',
24 silly addNameRange     '2.9.0-dev.20180503',
24 silly addNameRange     '2.9.0-insiders.20180503',
24 silly addNameRange     '2.9.0-dev.20180505',
24 silly addNameRange     '2.9.0-dev.20180506',
24 silly addNameRange     '2.9.0-dev.20180509',
24 silly addNameRange     '2.9.0-dev.20180510',
24 silly addNameRange     '2.9.0-insiders.20180510',
24 silly addNameRange     '2.9.0-dev.20180511',
24 silly addNameRange     '2.9.0-dev.20180512',
24 silly addNameRange     '2.9.0-dev.20180515',
24 silly addNameRange     '2.9.0-dev.20180516',
24 silly addNameRange     '2.9.0-rc',
24 silly addNameRange     '2.9.1-insiders.20180516',
24 silly addNameRange     '2.9.0-dev.20180518',
24 silly addNameRange     '2.9.0-dev.20180519',
24 silly addNameRange     '2.9.1-insiders.20180521',
24 silly addNameRange     '3.0.0-dev.20180522',
24 silly addNameRange     '2.9.1-insiders.20180523',
24 silly addNameRange     '2.9.1-insiders.20180525',
24 silly addNameRange     '3.0.0-dev.20180526',
24 silly addNameRange     '3.0.0-dev.20180530',
24 silly addNameRange     '2.8.4',
24 silly addNameRange     '3.0.0-dev.20180531',
24 silly addNameRange     '2.9.1',
24 silly addNameRange     '3.0.0-dev.20180601',
24 silly addNameRange     '3.0.0-dev.20180602',
24 silly addNameRange     '3.0.0-dev.20180605',
24 silly addNameRange     '3.0.0-dev.20180606',
24 silly addNameRange     '3.0.0-dev.20180607',
24 silly addNameRange     '3.0.0-dev.20180608',
24 silly addNameRange     '3.0.0-dev.20180609',
24 silly addNameRange     '2.9.2',
24 silly addNameRange     '3.0.0-dev.20180615',
24 silly addNameRange     '3.0.0-dev.20180616',
24 silly addNameRange     '3.0.0-dev.20180619',
24 silly addNameRange     '3.0.0-dev.20180620',
24 silly addNameRange     '3.0.0-dev.20180621',
24 silly addNameRange     '3.0.0-dev.20180622',
24 silly addNameRange     '3.0.0-dev.20180623',
24 silly addNameRange     '3.0.0-dev.20180626',
24 silly addNameRange     '3.0.0-dev.20180628',
24 silly addNameRange     '3.0.0-dev.20180629',
24 silly addNameRange     '3.0.0-dev.20180630',
24 silly addNameRange     '3.0.0-dev.20180703',
24 silly addNameRange     '3.0.0-dev.20180704',
24 silly addNameRange     '3.0.0-dev.20180705',
24 silly addNameRange     '3.0.0-dev.20180706',
24 silly addNameRange     '3.0.0-insiders.20180706',
24 silly addNameRange     '3.0.0-dev.20180707',
24 silly addNameRange     '3.0.0-dev.20180710',
24 silly addNameRange     '3.0.0-dev.20180711',
24 silly addNameRange     '3.0.0-dev.20180712',
24 silly addNameRange     '3.0.0-rc',
24 silly addNameRange     '3.0.1-insiders.20180713',
24 silly addNameRange     '3.1.0-dev.20180717',
24 silly addNameRange     '3.1.0-dev.20180721',
24 silly addNameRange     '3.0.1-insiders.20180723',
24 silly addNameRange     '3.1.0-dev.20180724',
24 silly addNameRange     '3.1.0-dev.20180725',
24 silly addNameRange     '3.1.0-dev.20180726',
24 silly addNameRange     '3.0.1-insiders.20180726',
24 silly addNameRange     '3.1.0-dev.20180727',
24 silly addNameRange     '3.1.0-dev.20180728',
24 silly addNameRange     '3.0.1',
24 silly addNameRange     '3.1.0-dev.20180731',
24 silly addNameRange     '3.1.0-dev.20180801',
24 silly addNameRange     '3.1.0-dev.20180802',
24 silly addNameRange     '3.1.0-dev.20180803',
24 silly addNameRange     '3.1.0-dev.20180804',
24 silly addNameRange     '3.1.0-dev.20180807',
24 silly addNameRange     '3.1.0-dev.20180808',
24 silly addNameRange     '3.1.0-dev.20180809',
24 silly addNameRange     '3.1.0-dev.20180810',
24 silly addNameRange     '3.1.0-dev.20180813',
24 silly addNameRange     '3.1.0-dev.20180817',
24 silly addNameRange     '3.1.0-dev.20180818',
24 silly addNameRange     '3.1.0-dev.20180821',
24 silly addNameRange     '3.1.0-dev.20180822',
24 silly addNameRange     '3.1.0-dev.20180823',
24 silly addNameRange     '3.1.0-dev.20180824',
24 silly addNameRange     '3.1.0-dev.20180825',
24 silly addNameRange     '3.1.0-dev.20180828',
24 silly addNameRange     '3.1.0-dev.20180829',
24 silly addNameRange     '3.0.3',
24 silly addNameRange     '3.0.3-insiders.20180829',
24 silly addNameRange     '3.1.0-dev.20180830',
24 silly addNameRange     '3.1.0-dev.20180831',
24 silly addNameRange     '3.1.0-dev.20180901',
24 silly addNameRange     '3.1.0-dev.20180904',
24 silly addNameRange     '3.1.0-dev.20180905',
24 silly addNameRange     '3.1.0-dev.20180906',
24 silly addNameRange     '3.1.0-dev.20180907',
24 silly addNameRange     '3.1.0-dev.20180912',
24 silly addNameRange     '3.1.0-dev.20180913',
24 silly addNameRange     '3.1.0-rc.20180911',
24 silly addNameRange     '3.1.0-dev.20180914',
24 silly addNameRange     '3.1.0-dev.20180915',
24 silly addNameRange     '3.1.0-dev.20180918',
24 silly addNameRange     '3.1.0-dev.20180919',
24 silly addNameRange     '3.1.0-dev.20180920',
24 silly addNameRange     '3.1.0-insiders.20180920',
24 silly addNameRange     '3.1.0-dev.20180921',
24 silly addNameRange     '3.1.0-dev.20180922',
24 silly addNameRange     '3.1.0-dev.20180925',
24 silly addNameRange     '3.1.1-insiders.20180925',
24 silly addNameRange     '3.2.0-dev.20180926',
24 silly addNameRange     '3.1.1-insiders.20180926',
24 silly addNameRange     '3.2.0-dev.20180927',
24 silly addNameRange     '3.1.1',
24 silly addNameRange     '3.2.0-dev.20180928',
24 silly addNameRange     '3.2.0-dev.20180929',
24 silly addNameRange     '3.2.0-dev.20181002',
24 silly addNameRange     '3.2.0-dev.20181003',
24 silly addNameRange     '3.2.0-dev.20181004',
24 silly addNameRange     '3.2.0-dev.20181006',
24 silly addNameRange     '3.2.0-dev.20181009',
24 silly addNameRange     '3.1.2',
24 silly addNameRange     '3.2.0-dev.20181010',
24 silly addNameRange     '3.2.0-dev.20181011',
24 silly addNameRange     '3.1.3',
24 silly addNameRange     '3.2.0-dev.20181017',
24 silly addNameRange     '3.2.0-dev.20181018',
24 silly addNameRange     '3.2.0-dev.20181019',
24 silly addNameRange     '3.2.0-dev.20181020',
24 silly addNameRange     '3.2.0-dev.20181023',
24 silly addNameRange     '3.2.0-dev.20181024',
24 silly addNameRange     '3.1.3-insiders.20181024',
24 silly addNameRange     '3.2.0-dev.20181025',
24 silly addNameRange     '3.2.0-dev.20181026',
24 silly addNameRange     '3.2.0-dev.20181027',
24 silly addNameRange     '3.1.4',
24 silly addNameRange     '3.2.0-dev.20181030',
24 silly addNameRange     '3.2.0-dev.20181031',
24 silly addNameRange     '3.1.5',
24 silly addNameRange     '3.2.0-dev.20181101',
24 silly addNameRange     '3.1.6',
24 silly addNameRange     '3.2.0-dev.20181102',
24 silly addNameRange     '3.2.0-dev.20181103',
24 silly addNameRange     '3.2.0-dev.20181106',
24 silly addNameRange     '3.2.0-dev.20181107' ] ]
25 verbose addNamed [ 'typescript', '3.1.6' ]
26 verbose addNamed [ '3.1.6', '3.1.6' ]
27 silly lockFile c55880f5-typescript-3-1-6 typescript@3.1.6
28 verbose lock typescript@3.1.6 /home/ubuntu/.npm/c55880f5-typescript-3-1-6.lock
29 silly lockFile 11f4b859--typescript-typescript-3-1-6-tgz https://registry.npmjs.org/typescript/-/typescript-3.1.6.tgz
30 verbose lock https://registry.npmjs.org/typescript/-/typescript-3.1.6.tgz /home/ubuntu/.npm/11f4b859--typescript-typescript-3-1-6-tgz.lock
31 verbose addRemoteTarball [ 'https://registry.npmjs.org/typescript/-/typescript-3.1.6.tgz',
31 verbose addRemoteTarball   'b6543a83cfc8c2befb3f4c8fba6896f5b0c9be68' ]
32 silly lockFile 11f4b859--typescript-typescript-3-1-6-tgz https://registry.npmjs.org/typescript/-/typescript-3.1.6.tgz
33 silly lockFile 11f4b859--typescript-typescript-3-1-6-tgz https://registry.npmjs.org/typescript/-/typescript-3.1.6.tgz
34 silly lockFile c55880f5-typescript-3-1-6 typescript@3.1.6
35 silly lockFile c55880f5-typescript-3-1-6 typescript@3.1.6
36 silly lockFile b598c0ef-typescript typescript@
37 silly lockFile b598c0ef-typescript typescript@
38 error Error: EACCES, mkdir '/home/ubuntu/tmp/npm-10329-VSDdsvcl'
38 error  { [Error: EACCES, mkdir '/home/ubuntu/tmp/npm-10329-VSDdsvcl']
38 error   errno: 3,
38 error   code: 'EACCES',
38 error   path: '/home/ubuntu/tmp/npm-10329-VSDdsvcl' }
39 error Please try running this command again as root/Administrator.
40 error System Linux 3.19.0-30-generic
41 error command "/usr/bin/nodejs" "/usr/bin/npm" "install" "-g" "typescript"
42 error cwd /home/ubuntu/Desktop/ict_nithin
43 error node -v v0.10.25
44 error npm -v 1.3.10
45 error path /home/ubuntu/tmp/npm-10329-VSDdsvcl
46 error code EACCES
47 error errno 3
48 error stack Error: EACCES, mkdir '/home/ubuntu/tmp/npm-10329-VSDdsvcl'
49 verbose exit [ 3, true ]
